This is pdfTeX, Version 3.14159265-2.6-1.40.21 (TeX Live 2020) (preloaded format=pdflatex 2020.9.9)  12 SEP 2020 14:41
entering extended mode
 restricted \write18 enabled.
 file:line:error style messages enabled.
 %&-line parsing enabled.
**tesi.tex
(./tesi.tex
LaTeX2e <2020-02-02> patch level 5
L3 programming layer <2020-03-06>
(/usr/local/texlive/2020/texmf-dist/tex/latex/toptesi/toptesi.cls
Document Class: toptesi 2019-07-26 v.6.3.06 Class for typesetting university th
eses
(/usr/local/texlive/2020/texmf-dist/tex/latex/tools/trace.sty
Package: trace 2018/10/13 v1.1e trace LaTeX code
)
(/usr/local/texlive/2020/texmf-dist/tex/latex/xkeyval/xkeyval.sty
Package: xkeyval 2014/12/03 v2.7a package option processing (HA)

(/usr/local/texlive/2020/texmf-dist/tex/generic/xkeyval/xkeyval.tex
(/usr/local/texlive/2020/texmf-dist/tex/generic/xkeyval/xkvutils.tex
\XKV@toks=\toks15
\XKV@tempa@toks=\toks16

(/usr/local/texlive/2020/texmf-dist/tex/generic/xkeyval/keyval.tex))
\XKV@depth=\count167
File: xkeyval.tex 2014/12/03 v2.7a key=value parser (HA)
))
(/usr/local/texlive/2020/texmf-dist/tex/latex/base/report.cls
Document Class: report 2019/12/20 v1.4l Standard LaTeX document class
(/usr/local/texlive/2020/texmf-dist/tex/latex/base/size10.clo
File: size10.clo 2019/12/20 v1.4l Standard LaTeX file (size option)
)
\c@part=\count168
\c@chapter=\count169
\c@section=\count170
\c@subsection=\count171
\c@subsubsection=\count172
\c@paragraph=\count173
\c@subparagraph=\count174
\c@figure=\count175
\c@table=\count176
\abovecaptionskip=\skip47
\belowcaptionskip=\skip48
\bibindent=\dimen134
)
(/usr/local/texlive/2020/texmf-dist/tex/generic/iftex/iftex.sty
Package: iftex 2020/03/06 v1.0d TeX engine tests
)
(/usr/local/texlive/2020/texmf-dist/tex/generic/babel/babel.sty
Package: babel 2020/03/22 3.42 The Babel package

(/usr/local/texlive/2020/texmf-dist/tex/generic/babel/switch.def
File: switch.def 2020/03/22 3.42 Babel switching mechanism
)
(/usr/local/texlive/2020/texmf-dist/tex/generic/babel-english/english.ldf
Language: english 2017/06/06 v3.3r English support from the babel system

(/usr/local/texlive/2020/texmf-dist/tex/generic/babel/babel.def
File: babel.def 2020/03/22 3.42 Babel common definitions
\babel@savecnt=\count177
\U@D=\dimen135

(/usr/local/texlive/2020/texmf-dist/tex/generic/babel/txtbabel.def)
\bbl@readstream=\read2
\bbl@dirlevel=\count178
)
Package babel Info: \l@canadian = using hyphenrules for english
(babel)             (\language0) on input line 102.
Package babel Info: \l@australian = using hyphenrules for ukenglish
(babel)             (\language21) on input line 105.
Package babel Info: \l@newzealand = using hyphenrules for ukenglish
(babel)             (\language21) on input line 108.
)
(/usr/local/texlive/2020/texmf-dist/tex/generic/babel-italian/italian.ldf
Language: italian 2019/11/16 v.1.4.03 Italian support for the babel system
\it@lettering=\count179
\it@doublequoteactive=\count180
\it@ISOcompliance=\count181
))
(/usr/local/texlive/2020/texmf-dist/tex/latex/etoolbox/etoolbox.sty
Package: etoolbox 2019/09/21 v2.5h e-TeX tools for LaTeX (JAW)
\etb@tempcnta=\count182
)
(/usr/local/texlive/2020/texmf-dist/tex/latex/filecontents/filecontents.sty
Package: filecontents 2019/09/20 v1.5 Create an external file from within a LaT
eX document


Package filecontents Warning: This package is obsolete. Disabling it and
(filecontents)                passing control to the filecontents environment
(filecontents)                defined by the LaTeX kernel.

) (/usr/local/texlive/2020/texmf-dist/tex/latex/toptesi/toptesi.sty
Package: toptesi 2019-07-26 v.6.3.06 Extension for toptesi.cls
\T@Pbinding=\skip49

(/usr/local/texlive/2020/texmf-dist/tex/latex/koma-script/scrextend.sty
Package: scrextend 2020/01/24 v3.29 KOMA-Script package (extend other classes w
ith features of KOMA-Script classes)

(/usr/local/texlive/2020/texmf-dist/tex/latex/koma-script/scrkbase.sty
Package: scrkbase 2020/01/24 v3.29 KOMA-Script package (KOMA-Script-dependent b
asics and keyval usage)

(/usr/local/texlive/2020/texmf-dist/tex/latex/koma-script/scrbase.sty
Package: scrbase 2020/01/24 v3.29 KOMA-Script package (KOMA-Script-independent 
basics and keyval usage)

(/usr/local/texlive/2020/texmf-dist/tex/latex/koma-script/scrlfile.sty
Package: scrlfile 2020/01/24 v3.29 KOMA-Script package (loading files)
))))
(/usr/local/texlive/2020/texmf-dist/tex/latex/tools/xspace.sty
Package: xspace 2014/10/28 v1.13 Space after command names (DPC,MH)
)
(/usr/local/texlive/2020/texmf-dist/tex/latex/l3packages/xparse/xparse.sty
(/usr/local/texlive/2020/texmf-dist/tex/latex/l3kernel/expl3.sty
Package: expl3 2020-03-06 L3 programming layer (loader) 

(/usr/local/texlive/2020/texmf-dist/tex/latex/l3backend/l3backend-pdfmode.def
File: l3backend-pdfmode.def 2020-03-12 L3 backend support: PDF mode
\l__kernel_color_stack_int=\count183
\l__pdf_internal_box=\box45
))
Package: xparse 2020-03-06 L3 Experimental document command parser
\l__xparse_current_arg_int=\count184
\g__xparse_grabber_int=\count185
\l__xparse_m_args_int=\count186
\l__xparse_v_nesting_int=\count187
) (/usr/local/texlive/2020/texmf-dist/tex/latex/graphics/graphicx.sty
Package: graphicx 2019/11/30 v1.2a Enhanced LaTeX Graphics (DPC,SPQR)

(/usr/local/texlive/2020/texmf-dist/tex/latex/graphics/graphics.sty
Package: graphics 2019/11/30 v1.4a Standard LaTeX Graphics (DPC,SPQR)

(/usr/local/texlive/2020/texmf-dist/tex/latex/graphics/trig.sty
Package: trig 2016/01/03 v1.10 sin cos tan (DPC)
)
(/usr/local/texlive/2020/texmf-dist/tex/latex/graphics-cfg/graphics.cfg
File: graphics.cfg 2016/06/04 v1.11 sample graphics configuration
)
Package graphics Info: Driver file: pdftex.def on input line 105.

(/usr/local/texlive/2020/texmf-dist/tex/latex/graphics-def/pdftex.def
File: pdftex.def 2018/01/08 v1.0l Graphics/color driver for pdftex
))
\Gin@req@height=\dimen136
\Gin@req@width=\dimen137
)
\interno=\skip50
\@intesta=\box46
\SDcaptionwidth=\dimen138
\SDfigurewidth=\dimen139
\SDlinewidth=\dimen140
\SDfigbox=\box47
\SDcapbox=\box48
\c@SDpage=\count188
\c@NumberSD=\count189
LaTeX Font Info:    Redeclaring math symbol \virgola on input line 612.
LaTeX Font Info:    Redeclaring math symbol \virgoladecimale on input line 613.

\c@tomo=\count190
))
(/usr/local/texlive/2020/texmf-dist/tex/latex/toptesi/topfront.sty
Package: topfront 2019-07-26 v.6.3.06 Title page for TOPtesi and other classes
\TPT@logospace=\skip51
\TPT@logobox=\box49
\TPT@logoheight=\dimen141
\T@Tlogoheight=\skip52

(/usr/local/texlive/2020/texmf-dist/tex/latex/toptesi/toptesi.cfg))
(/usr/local/texlive/2020/texmf-dist/tex/latex/base/inputenc.sty
Package: inputenc 2018/08/11 v1.3c Input encoding file
\inpenc@prehook=\toks17
\inpenc@posthook=\toks18
)
(/usr/local/texlive/2020/texmf-dist/tex/latex/base/fontenc.sty
Package: fontenc 2020/02/11 v2.0o Standard LaTeX package
)
(/usr/local/texlive/2020/texmf-dist/tex/latex/blindtext/blindtext.sty
Package: blindtext 2012/01/06 V2.0 blindtext-Package
\c@blindtext=\count191
\c@Blindtext=\count192
\c@blind@countparstart=\count193
\blind@countxx=\count194
\blindtext@numBlindtext=\count195
\blind@countyy=\count196
\c@blindlist=\count197
\c@blindlistlevel=\count198
\c@blindlist@level=\count199
\blind@listitem=\count266
\c@blind@listcount=\count267
\c@blind@levelcount=\count268
\blind@mathformula=\count269
\blind@Mathformula=\count270
\c@blind@randomcount=\count271
\c@blind@randommax=\count272
\c@blind@pangramcount=\count273
\c@blind@pangrammax=\count274
)
(/usr/local/texlive/2020/texmf-dist/tex/latex/wrapfig/wrapfig.sty
\wrapoverhang=\dimen142
\WF@size=\dimen143
\c@WF@wrappedlines=\count275
\WF@box=\box50
\WF@everypar=\toks19
Package: wrapfig 2003/01/31  v 3.6
)
(/usr/local/texlive/2020/texmf-dist/tex/latex/booktabs/booktabs.sty
Package: booktabs 2020/01/12 v1.61803398 Publication quality tables
\heavyrulewidth=\dimen144
\lightrulewidth=\dimen145
\cmidrulewidth=\dimen146
\belowrulesep=\dimen147
\belowbottomsep=\dimen148
\aboverulesep=\dimen149
\abovetopsep=\dimen150
\cmidrulesep=\dimen151
\cmidrulekern=\dimen152
\defaultaddspace=\dimen153
\@cmidla=\count276
\@cmidlb=\count277
\@aboverulesep=\dimen154
\@belowrulesep=\dimen155
\@thisruleclass=\count278
\@lastruleclass=\count279
\@thisrulewidth=\dimen156
)
(/usr/local/texlive/2020/texmf-dist/tex/latex/lm/lmodern.sty
Package: lmodern 2009/10/30 v1.6 Latin Modern Fonts
LaTeX Font Info:    Overwriting symbol font `operators' in version `normal'
(Font)                  OT1/cmr/m/n --> OT1/lmr/m/n on input line 22.
LaTeX Font Info:    Overwriting symbol font `letters' in version `normal'
(Font)                  OML/cmm/m/it --> OML/lmm/m/it on input line 23.
LaTeX Font Info:    Overwriting symbol font `symbols' in version `normal'
(Font)                  OMS/cmsy/m/n --> OMS/lmsy/m/n on input line 24.
LaTeX Font Info:    Overwriting symbol font `largesymbols' in version `normal'
(Font)                  OMX/cmex/m/n --> OMX/lmex/m/n on input line 25.
LaTeX Font Info:    Overwriting symbol font `operators' in version `bold'
(Font)                  OT1/cmr/bx/n --> OT1/lmr/bx/n on input line 26.
LaTeX Font Info:    Overwriting symbol font `letters' in version `bold'
(Font)                  OML/cmm/b/it --> OML/lmm/b/it on input line 27.
LaTeX Font Info:    Overwriting symbol font `symbols' in version `bold'
(Font)                  OMS/cmsy/b/n --> OMS/lmsy/b/n on input line 28.
LaTeX Font Info:    Overwriting symbol font `largesymbols' in version `bold'
(Font)                  OMX/cmex/m/n --> OMX/lmex/m/n on input line 29.
LaTeX Font Info:    Overwriting math alphabet `\mathbf' in version `normal'
(Font)                  OT1/cmr/bx/n --> OT1/lmr/bx/n on input line 31.
LaTeX Font Info:    Overwriting math alphabet `\mathsf' in version `normal'
(Font)                  OT1/cmss/m/n --> OT1/lmss/m/n on input line 32.
LaTeX Font Info:    Overwriting math alphabet `\mathit' in version `normal'
(Font)                  OT1/cmr/m/it --> OT1/lmr/m/it on input line 33.
LaTeX Font Info:    Overwriting math alphabet `\mathtt' in version `normal'
(Font)                  OT1/cmtt/m/n --> OT1/lmtt/m/n on input line 34.
LaTeX Font Info:    Overwriting math alphabet `\mathbf' in version `bold'
(Font)                  OT1/cmr/bx/n --> OT1/lmr/bx/n on input line 35.
LaTeX Font Info:    Overwriting math alphabet `\mathsf' in version `bold'
(Font)                  OT1/cmss/bx/n --> OT1/lmss/bx/n on input line 36.
LaTeX Font Info:    Overwriting math alphabet `\mathit' in version `bold'
(Font)                  OT1/cmr/bx/it --> OT1/lmr/bx/it on input line 37.
LaTeX Font Info:    Overwriting math alphabet `\mathtt' in version `bold'
(Font)                  OT1/cmtt/m/n --> OT1/lmtt/m/n on input line 38.
)
(/usr/local/texlive/2020/texmf-dist/tex/latex/tools/varioref.sty
Package: varioref 2020/01/23 v1.6c package for extended references (FMi)
\c@vrcnt=\count280
)
(/usr/local/texlive/2020/texmf-dist/tex/latex/url/url.sty
\Urlmuskip=\muskip16
Package: url 2013/09/16  ver 3.4  Verb mode for urls, etc.
)
(/usr/local/texlive/2020/texmf-dist/tex/latex/tools/array.sty
Package: array 2019/08/31 v2.4l Tabular extension package (FMi)
\col@sep=\dimen157
\ar@mcellbox=\box51
\extrarowheight=\dimen158
\NC@list=\toks20
\extratabsurround=\skip53
\backup@length=\skip54
\ar@cellbox=\box52
)
(/usr/local/texlive/2020/texmf-dist/tex/latex/paralist/paralist.sty
Package: paralist 2017/01/22 v2.7 Extended list environments
\pltopsep=\skip55
\plpartopsep=\skip56
\plitemsep=\skip57
\plparsep=\skip58
\pl@lab=\toks21
)
(/usr/local/texlive/2020/texmf-dist/tex/latex/tools/verbatim.sty
Package: verbatim 2019/11/10 v1.5r LaTeX2e package for verbatim enhancements
\every@verbatim=\toks22
\verbatim@line=\toks23
\verbatim@in@stream=\read3
)
(/usr/local/texlive/2020/texmf-dist/tex/latex/subfig/subfig.sty
Package: subfig 2005/06/28 ver: 1.3 subfig package

(/usr/local/texlive/2020/texmf-dist/tex/latex/caption/caption.sty
Package: caption 2020/01/03 v3.4h Customizing captions (AR)

(/usr/local/texlive/2020/texmf-dist/tex/latex/caption/caption3.sty
Package: caption3 2020/01/03 v1.8h caption3 kernel (AR)
Package caption3 Info: TeX engine: e-TeX on input line 61.
\captionmargin=\dimen159
\captionmargin@=\dimen160
\captionwidth=\dimen161
\caption@tempdima=\dimen162
\caption@indent=\dimen163
\caption@parindent=\dimen164
\caption@hangindent=\dimen165
Package caption Info: Standard document class detected.
)
\c@caption@flags=\count281
\c@continuedfloat=\count282
Package caption Info: wrapfig package is loaded.
)
\c@KVtest=\count283
\sf@farskip=\skip59
\sf@captopadj=\dimen166
\sf@capskip=\skip60
\sf@nearskip=\skip61
\c@subfigure=\count284
\c@subfigure@save=\count285
\c@lofdepth=\count286
\c@subtable=\count287
\c@subtable@save=\count288
\c@lotdepth=\count289
\sf@top=\skip62
\sf@bottom=\skip63
)
(/usr/local/texlive/2020/texmf-dist/tex/latex/tools/tabularx.sty
Package: tabularx 2020/01/15 v2.11c `tabularx' package (DPC)
\TX@col@width=\dimen167
\TX@old@table=\dimen168
\TX@old@col=\dimen169
\TX@target=\dimen170
\TX@delta=\dimen171
\TX@cols=\count290
\TX@ftn=\toks24
)
(/usr/local/texlive/2020/texmf-dist/tex/latex/amsmath/amsmath.sty
Package: amsmath 2020/01/20 v2.17e AMS math features
\@mathmargin=\skip64

For additional information on amsmath, use the `?' option.
(/usr/local/texlive/2020/texmf-dist/tex/latex/amsmath/amstext.sty
Package: amstext 2000/06/29 v2.01 AMS text

(/usr/local/texlive/2020/texmf-dist/tex/latex/amsmath/amsgen.sty
File: amsgen.sty 1999/11/30 v2.0 generic functions
\@emptytoks=\toks25
\ex@=\dimen172
))
(/usr/local/texlive/2020/texmf-dist/tex/latex/amsmath/amsbsy.sty
Package: amsbsy 1999/11/29 v1.2d Bold Symbols
\pmbraise@=\dimen173
)
(/usr/local/texlive/2020/texmf-dist/tex/latex/amsmath/amsopn.sty
Package: amsopn 2016/03/08 v2.02 operator names
)
\inf@bad=\count291
LaTeX Info: Redefining \frac on input line 227.
\uproot@=\count292
\leftroot@=\count293
LaTeX Info: Redefining \overline on input line 389.
\classnum@=\count294
\DOTSCASE@=\count295
LaTeX Info: Redefining \ldots on input line 486.
LaTeX Info: Redefining \dots on input line 489.
LaTeX Info: Redefining \cdots on input line 610.
\Mathstrutbox@=\box53
\strutbox@=\box54
\big@size=\dimen174
LaTeX Font Info:    Redeclaring font encoding OML on input line 733.
LaTeX Font Info:    Redeclaring font encoding OMS on input line 734.
\macc@depth=\count296
\c@MaxMatrixCols=\count297
\dotsspace@=\muskip17
\c@parentequation=\count298
\dspbrk@lvl=\count299
\tag@help=\toks26
\row@=\count300
\column@=\count301
\maxfields@=\count302
\andhelp@=\toks27
\eqnshift@=\dimen175
\alignsep@=\dimen176
\tagshift@=\dimen177
\tagwidth@=\dimen178
\totwidth@=\dimen179
\lineht@=\dimen180
\@envbody=\toks28
\multlinegap=\skip65
\multlinetaggap=\skip66
\mathdisplay@stack=\toks29
LaTeX Info: Redefining \[ on input line 2859.
LaTeX Info: Redefining \] on input line 2860.
)
(/usr/local/texlive/2020/texmf-dist/tex/latex/amsfonts/amsfonts.sty
Package: amsfonts 2013/01/14 v3.01 Basic AMSFonts support
\symAMSa=\mathgroup4
\symAMSb=\mathgroup5
LaTeX Font Info:    Redeclaring math symbol \hbar on input line 98.
LaTeX Font Info:    Overwriting math alphabet `\mathfrak' in version `bold'
(Font)                  U/euf/m/n --> U/euf/b/n on input line 106.
)
(/usr/local/texlive/2020/texmf-dist/tex/latex/float/float.sty
Package: float 2001/11/08 v1.3d Float enhancements (AL)
\c@float@type=\count303
\float@exts=\toks30
\float@box=\box55
\@float@everytoks=\toks31
\@floatcapt=\box56
)
(/usr/local/texlive/2020/texmf-dist/tex/latex/amsfonts/amssymb.sty
Package: amssymb 2013/01/14 v3.01 AMS font symbols
)
(/usr/local/texlive/2020/texmf-dist/tex/latex/tools/multicol.sty
Package: multicol 2019/12/09 v1.8y multicolumn formatting (FMi)
\c@tracingmulticols=\count304
\mult@box=\box57
\multicol@leftmargin=\dimen181
\c@unbalance=\count305
\c@collectmore=\count306
\doublecol@number=\count307
\multicoltolerance=\count308
\multicolpretolerance=\count309
\full@width=\dimen182
\page@free=\dimen183
\premulticols=\dimen184
\postmulticols=\dimen185
\multicolsep=\skip67
\multicolbaselineskip=\skip68
\partial@page=\box58
\last@line=\box59
\maxbalancingoverflow=\dimen186
\mult@rightbox=\box60
\mult@grightbox=\box61
\mult@gfirstbox=\box62
\mult@firstbox=\box63
\@tempa=\box64
\@tempa=\box65
\@tempa=\box66
\@tempa=\box67
\@tempa=\box68
\@tempa=\box69
\@tempa=\box70
\@tempa=\box71
\@tempa=\box72
\@tempa=\box73
\@tempa=\box74
\@tempa=\box75
\@tempa=\box76
\@tempa=\box77
\@tempa=\box78
\@tempa=\box79
\@tempa=\box80
\@tempa=\box81
\@tempa=\box82
\@tempa=\box83
\@tempa=\box84
\@tempa=\box85
\@tempa=\box86
\@tempa=\box87
\@tempa=\box88
\@tempa=\box89
\@tempa=\box90
\@tempa=\box91
\@tempa=\box92
\@tempa=\box93
\@tempa=\box94
\@tempa=\box95
\@tempa=\box96
\@tempa=\box97
\@tempa=\box98
\@tempa=\box99
\@tempa=\box100
\c@minrows=\count310
\c@columnbadness=\count311
\c@finalcolumnbadness=\count312
\last@try=\dimen187
\multicolovershoot=\dimen188
\multicolundershoot=\dimen189
\mult@nat@firstbox=\box101
\colbreak@box=\box102
\mc@col@check@num=\count313
)
(/usr/local/texlive/2020/texmf-dist/tex/latex/multirow/multirow.sty
Package: multirow 2019/05/31 v2.5 Span multiple rows of a table
\multirow@colwidth=\skip69
\multirow@cntb=\count314
\multirow@dima=\skip70
\bigstrutjot=\dimen190
)
(/usr/local/texlive/2020/texmf-dist/tex/latex/listings/listings.sty
\lst@mode=\count315
\lst@gtempboxa=\box103
\lst@token=\toks32
\lst@length=\count316
\lst@currlwidth=\dimen191
\lst@column=\count317
\lst@pos=\count318
\lst@lostspace=\dimen192
\lst@width=\dimen193
\lst@newlines=\count319
\lst@lineno=\count320
\lst@maxwidth=\dimen194

(/usr/local/texlive/2020/texmf-dist/tex/latex/listings/lstmisc.sty
File: lstmisc.sty 2020/03/24 1.8d (Carsten Heinz)
\c@lstnumber=\count321
\lst@skipnumbers=\count322
\lst@framebox=\box104
)
(/usr/local/texlive/2020/texmf-dist/tex/latex/listings/listings.cfg
File: listings.cfg 2020/03/24 1.8d listings configuration
))
Package: listings 2020/03/24 1.8d (Carsten Heinz)

(/usr/local/texlive/2020/texmf-dist/tex/latex/geometry/geometry.sty
Package: geometry 2020/01/02 v5.9 Page Geometry

(/usr/local/texlive/2020/texmf-dist/tex/generic/iftex/ifvtex.sty
Package: ifvtex 2019/10/25 v1.7 ifvtex legacy package. Use iftex instead.
)
\Gm@cnth=\count323
\Gm@cntv=\count324
\c@Gm@tempcnt=\count325
\Gm@bindingoffset=\dimen195
\Gm@wd@mp=\dimen196
\Gm@odd@mp=\dimen197
\Gm@even@mp=\dimen198
\Gm@layoutwidth=\dimen199
\Gm@layoutheight=\dimen256
\Gm@layouthoffset=\dimen257
\Gm@layoutvoffset=\dimen258
\Gm@dimlist=\toks33
)
(/usr/local/texlive/2020/texmf-dist/tex/latex/graphics/rotating.sty
Package: rotating 2016/08/11 v2.16d rotated objects in LaTeX

(/usr/local/texlive/2020/texmf-dist/tex/latex/base/ifthen.sty
Package: ifthen 2014/09/29 v1.1c Standard LaTeX ifthen package (DPC)
)
\c@r@tfl@t=\count326
\rotFPtop=\skip71
\rotFPbot=\skip72
\rot@float@box=\box105
\rot@mess@toks=\toks34
)
(/usr/local/texlive/2020/texmf-dist/tex/latex/algorithms/algorithm.sty
Package: algorithm 2009/08/24 v0.1 Document Style `algorithm' - floating enviro
nment
\@float@every@algorithm=\toks35
\c@algorithm=\count327
)
(/usr/local/texlive/2020/texmf-dist/tex/latex/algorithms/algorithmic.sty
Package: algorithmic 2009/08/24 v0.1 Document Style `algorithmic'
\c@ALC@unique=\count328
\c@ALC@line=\count329
\c@ALC@rem=\count330
\c@ALC@depth=\count331
\ALC@tlm=\skip73
\algorithmicindent=\skip74
)
(/usr/local/texlive/2020/texmf-dist/tex/latex/csquotes/csquotes.sty
Package: csquotes 2019-12-06 v5.2j context-sensitive quotations (JAW)
\csq@reset=\count332
\csq@gtype=\count333
\csq@glevel=\count334
\csq@qlevel=\count335
\csq@maxlvl=\count336
\csq@tshold=\count337
\csq@ltx@everypar=\toks36

(/usr/local/texlive/2020/texmf-dist/tex/latex/csquotes/csquotes.def
File: csquotes.def 2019-12-06 v5.2j csquotes generic definitions (JAW)
)
Package csquotes Info: Trying to load configuration file 'csquotes.cfg'...
Package csquotes Info: ... configuration file loaded successfully.

(/usr/local/texlive/2020/texmf-dist/tex/latex/csquotes/csquotes.cfg
File: csquotes.cfg 
)
Package csquotes Info: Option 'babel' depreciated.
(csquotes)             Using 'autostyle'.
Package csquotes Info: Enabling multilingual quotes.
)
(/usr/local/texlive/2020/texmf-dist/tex/latex/hyperref/hyperref.sty
Package: hyperref 2020/01/14 v7.00d Hypertext links for LaTeX

(/usr/local/texlive/2020/texmf-dist/tex/generic/ltxcmds/ltxcmds.sty
Package: ltxcmds 2019/12/15 v1.24 LaTeX kernel commands for general use (HO)
)
(/usr/local/texlive/2020/texmf-dist/tex/latex/pdftexcmds/pdftexcmds.sty
Package: pdftexcmds 2019/11/24 v0.31 Utility functions of pdfTeX for LuaTeX (HO
)

(/usr/local/texlive/2020/texmf-dist/tex/generic/infwarerr/infwarerr.sty
Package: infwarerr 2019/12/03 v1.5 Providing info/warning/error messages (HO)
)
Package pdftexcmds Info: \pdf@primitive is available.
Package pdftexcmds Info: \pdf@ifprimitive is available.
Package pdftexcmds Info: \pdfdraftmode found.
)
(/usr/local/texlive/2020/texmf-dist/tex/generic/kvsetkeys/kvsetkeys.sty
Package: kvsetkeys 2019/12/15 v1.18 Key value parser (HO)
)
(/usr/local/texlive/2020/texmf-dist/tex/generic/kvdefinekeys/kvdefinekeys.sty
Package: kvdefinekeys 2019-12-19 v1.6 Define keys (HO)
)
(/usr/local/texlive/2020/texmf-dist/tex/generic/pdfescape/pdfescape.sty
Package: pdfescape 2019/12/09 v1.15 Implements pdfTeX's escape features (HO)
)
(/usr/local/texlive/2020/texmf-dist/tex/latex/hycolor/hycolor.sty
Package: hycolor 2020-01-27 v1.10 Color options for hyperref/bookmark (HO)
)
(/usr/local/texlive/2020/texmf-dist/tex/latex/letltxmacro/letltxmacro.sty
Package: letltxmacro 2019/12/03 v1.6 Let assignment for LaTeX macros (HO)
)
(/usr/local/texlive/2020/texmf-dist/tex/latex/auxhook/auxhook.sty
Package: auxhook 2019-12-17 v1.6 Hooks for auxiliary files (HO)
)
(/usr/local/texlive/2020/texmf-dist/tex/latex/kvoptions/kvoptions.sty
Package: kvoptions 2019/11/29 v3.13 Key value format for package options (HO)
)
\@linkdim=\dimen259
\Hy@linkcounter=\count338
\Hy@pagecounter=\count339

(/usr/local/texlive/2020/texmf-dist/tex/latex/hyperref/pd1enc.def
File: pd1enc.def 2020/01/14 v7.00d Hyperref: PDFDocEncoding definition (HO)
Now handling font encoding PD1 ...
... no UTF-8 mapping file for font encoding PD1
)
(/usr/local/texlive/2020/texmf-dist/tex/generic/intcalc/intcalc.sty
Package: intcalc 2019/12/15 v1.3 Expandable calculations with integers (HO)
)
(/usr/local/texlive/2020/texmf-dist/tex/generic/etexcmds/etexcmds.sty
Package: etexcmds 2019/12/15 v1.7 Avoid name clashes with e-TeX commands (HO)
)
\Hy@SavedSpaceFactor=\count340
Package hyperref Info: Hyper figures OFF on input line 4547.
Package hyperref Info: Link nesting OFF on input line 4552.
Package hyperref Info: Hyper index ON on input line 4555.
Package hyperref Info: Plain pages OFF on input line 4562.
Package hyperref Info: Backreferencing OFF on input line 4567.
Package hyperref Info: Implicit mode ON; LaTeX internals redefined.
Package hyperref Info: Bookmarks ON on input line 4800.
\c@Hy@tempcnt=\count341
LaTeX Info: Redefining \url on input line 5159.
\XeTeXLinkMargin=\dimen260

(/usr/local/texlive/2020/texmf-dist/tex/generic/bitset/bitset.sty
Package: bitset 2019/12/09 v1.3 Handle bit-vector datatype (HO)

(/usr/local/texlive/2020/texmf-dist/tex/generic/bigintcalc/bigintcalc.sty
Package: bigintcalc 2019/12/15 v1.5 Expandable calculations on big integers (HO
)
))
\Fld@menulength=\count342
\Field@Width=\dimen261
\Fld@charsize=\dimen262
Package hyperref Info: Hyper figures OFF on input line 6430.
Package hyperref Info: Link nesting OFF on input line 6435.
Package hyperref Info: Hyper index ON on input line 6438.
Package hyperref Info: backreferencing OFF on input line 6445.
Package hyperref Info: Link coloring OFF on input line 6450.
Package hyperref Info: Link coloring with OCG OFF on input line 6455.
Package hyperref Info: PDF/A mode OFF on input line 6460.
LaTeX Info: Redefining \ref on input line 6500.
LaTeX Info: Redefining \pageref on input line 6504.

(/usr/local/texlive/2020/texmf-dist/tex/generic/atbegshi/atbegshi.sty
Package: atbegshi 2019/12/05 v1.19 At begin shipout hook (HO)
)
\Hy@abspage=\count343
\c@Item=\count344
\c@Hfootnote=\count345
)
Package hyperref Info: Driver (autodetected): hpdftex.

(/usr/local/texlive/2020/texmf-dist/tex/latex/hyperref/hpdftex.def
File: hpdftex.def 2020/01/14 v7.00d Hyperref driver for pdfTeX

(/usr/local/texlive/2020/texmf-dist/tex/latex/atveryend/atveryend.sty
Package: atveryend 2019-12-11 v1.11 Hooks at the very end of document (HO)
)
\Fld@listcount=\count346
\c@bookmark@seq@number=\count347

(/usr/local/texlive/2020/texmf-dist/tex/latex/rerunfilecheck/rerunfilecheck.sty
Package: rerunfilecheck 2019/12/05 v1.9 Rerun checks for auxiliary files (HO)

(/usr/local/texlive/2020/texmf-dist/tex/generic/uniquecounter/uniquecounter.sty
Package: uniquecounter 2019/12/15 v1.4 Provide unlimited unique counter (HO)
)
Package uniquecounter Info: New unique counter `rerunfilecheck' on input line 2
86.
)
\Hy@SectionHShift=\skip75
) (/usr/local/texlive/2020/texmf-dist/tex/latex/biblatex/biblatex.sty
Package: biblatex 2019/12/01 v3.14 programmable bibliographies (PK/MW)

(/usr/local/texlive/2020/texmf-dist/tex/latex/logreq/logreq.sty
Package: logreq 2010/08/04 v1.0 xml request logger
\lrq@indent=\count348

(/usr/local/texlive/2020/texmf-dist/tex/latex/logreq/logreq.def
File: logreq.def 2010/08/04 v1.0 logreq spec v1.0
))
\c@tabx@nest=\count349
\c@listtotal=\count350
\c@listcount=\count351
\c@liststart=\count352
\c@liststop=\count353
\c@citecount=\count354
\c@citetotal=\count355
\c@multicitecount=\count356
\c@multicitetotal=\count357
\c@instcount=\count358
\c@maxnames=\count359
\c@minnames=\count360
\c@maxitems=\count361
\c@minitems=\count362
\c@citecounter=\count363
\c@maxcitecounter=\count364
\c@savedcitecounter=\count365
\c@uniquelist=\count366
\c@uniquename=\count367
\c@refsection=\count368
\c@refsegment=\count369
\c@maxextratitle=\count370
\c@maxextratitleyear=\count371
\c@maxextraname=\count372
\c@maxextradate=\count373
\c@maxextraalpha=\count374
\c@abbrvpenalty=\count375
\c@highnamepenalty=\count376
\c@lownamepenalty=\count377
\c@maxparens=\count378
\c@parenlevel=\count379
\blx@tempcnta=\count380
\blx@tempcntb=\count381
\blx@tempcntc=\count382
\blx@maxsection=\count383
\blx@maxsegment@0=\count384
\blx@notetype=\count385
\blx@parenlevel@text=\count386
\blx@parenlevel@foot=\count387
\blx@sectionciteorder@0=\count388
\blx@entrysetcounter=\count389
\labelnumberwidth=\skip76
\labelalphawidth=\skip77
\biblabelsep=\skip78
\bibitemsep=\skip79
\bibnamesep=\skip80
\bibinitsep=\skip81
\bibparsep=\skip82
\bibhang=\skip83
\blx@bcfin=\read4
\blx@bcfout=\write3
\blx@langwohyphens=\language86
\c@mincomprange=\count390
\c@maxcomprange=\count391
\c@mincompwidth=\count392
Package biblatex Info: Trying to load biblatex default data model...
Package biblatex Info: ... file 'blx-dm.def' found.

(/usr/local/texlive/2020/texmf-dist/tex/latex/biblatex/blx-dm.def
File: blx-dm.def 2019/12/01 v3.14 biblatex localization (PK/MW)
)
Package biblatex Info: Trying to load biblatex custom data model...
Package biblatex Info: ... file 'biblatex-dm.cfg' not found.
\c@afterword=\count393
\c@savedafterword=\count394
\c@annotator=\count395
\c@savedannotator=\count396
\c@author=\count397
\c@savedauthor=\count398
\c@bookauthor=\count399
\c@savedbookauthor=\count400
\c@commentator=\count401
\c@savedcommentator=\count402
\c@editor=\count403
\c@savededitor=\count404
\c@editora=\count405
\c@savededitora=\count406
\c@editorb=\count407
\c@savededitorb=\count408
\c@editorc=\count409
\c@savededitorc=\count410
\c@foreword=\count411
\c@savedforeword=\count412
\c@holder=\count413
\c@savedholder=\count414
\c@introduction=\count415
\c@savedintroduction=\count416
\c@namea=\count417
\c@savednamea=\count418
\c@nameb=\count419
\c@savednameb=\count420
\c@namec=\count421
\c@savednamec=\count422
\c@translator=\count423
\c@savedtranslator=\count424
\c@shortauthor=\count425
\c@savedshortauthor=\count426
\c@shorteditor=\count427
\c@savedshorteditor=\count428
\c@labelname=\count429
\c@savedlabelname=\count430
\c@institution=\count431
\c@savedinstitution=\count432
\c@lista=\count433
\c@savedlista=\count434
\c@listb=\count435
\c@savedlistb=\count436
\c@listc=\count437
\c@savedlistc=\count438
\c@listd=\count439
\c@savedlistd=\count440
\c@liste=\count441
\c@savedliste=\count442
\c@listf=\count443
\c@savedlistf=\count444
\c@location=\count445
\c@savedlocation=\count446
\c@organization=\count447
\c@savedorganization=\count448
\c@origlocation=\count449
\c@savedoriglocation=\count450
\c@origpublisher=\count451
\c@savedorigpublisher=\count452
\c@publisher=\count453
\c@savedpublisher=\count454
\c@language=\count455
\c@savedlanguage=\count456
\c@origlanguage=\count457
\c@savedoriglanguage=\count458
\c@pageref=\count459
\c@savedpageref=\count460
\shorthandwidth=\skip84
\shortjournalwidth=\skip85
\shortserieswidth=\skip86
\shorttitlewidth=\skip87
\shortauthorwidth=\skip88
\shorteditorwidth=\skip89
\locallabelnumberwidth=\skip90
\locallabelalphawidth=\skip91
\localshorthandwidth=\skip92
\localshortjournalwidth=\skip93
\localshortserieswidth=\skip94
\localshorttitlewidth=\skip95
\localshortauthorwidth=\skip96
\localshorteditorwidth=\skip97
Package biblatex Info: Trying to load compatibility code...
Package biblatex Info: ... file 'blx-compat.def' found.

(/usr/local/texlive/2020/texmf-dist/tex/latex/biblatex/blx-compat.def
File: blx-compat.def 2019/12/01 v3.14 biblatex compatibility (PK/MW)
)
Package biblatex Info: Trying to load generic definitions...
Package biblatex Info: ... file 'biblatex.def' found.

(/usr/local/texlive/2020/texmf-dist/tex/latex/biblatex/biblatex.def
File: biblatex.def 2019/12/01 v3.14 biblatex compatibility (PK/MW)
\c@textcitecount=\count461
\c@textcitetotal=\count462
\c@textcitemaxnames=\count463
\c@biburlbigbreakpenalty=\count464
\c@biburlbreakpenalty=\count465
\c@biburlnumpenalty=\count466
\c@biburlucpenalty=\count467
\c@biburllcpenalty=\count468
\biburlbigskip=\muskip18
\biburlnumskip=\muskip19
\biburlucskip=\muskip20
\biburllcskip=\muskip21
\c@smartand=\count469
)
Package biblatex Info: Trying to load bibliography style 'numeric'...
Package biblatex Info: ... file 'numeric.bbx' found.

(/usr/local/texlive/2020/texmf-dist/tex/latex/biblatex/bbx/numeric.bbx
File: numeric.bbx 2019/12/01 v3.14 biblatex bibliography style (PK/MW)
Package biblatex Info: Trying to load bibliography style 'standard'...
Package biblatex Info: ... file 'standard.bbx' found.

(/usr/local/texlive/2020/texmf-dist/tex/latex/biblatex/bbx/standard.bbx
File: standard.bbx 2019/12/01 v3.14 biblatex bibliography style (PK/MW)
\c@bbx:relatedcount=\count470
\c@bbx:relatedtotal=\count471
))
Package biblatex Info: Trying to load citation style 'numeric'...
Package biblatex Info: ... file 'numeric.cbx' found.

(/usr/local/texlive/2020/texmf-dist/tex/latex/biblatex/cbx/numeric.cbx
File: numeric.cbx 2019/12/01 v3.14 biblatex citation style (PK/MW)
Package biblatex Info: Redefining '\cite'.
Package biblatex Info: Redefining '\parencite'.
Package biblatex Info: Redefining '\footcite'.
Package biblatex Info: Redefining '\footcitetext'.
Package biblatex Info: Redefining '\smartcite'.
Package biblatex Info: Redefining '\supercite'.
Package biblatex Info: Redefining '\textcite'.
Package biblatex Info: Redefining '\textcites'.
Package biblatex Info: Redefining '\cites'.
Package biblatex Info: Redefining '\parencites'.
Package biblatex Info: Redefining '\smartcites'.
)
Package biblatex Info: Trying to load configuration file...
Package biblatex Info: ... file 'biblatex.cfg' found.

(/usr/local/texlive/2020/texmf-dist/tex/latex/biblatex/biblatex.cfg
File: biblatex.cfg 
))
(/usr/local/texlive/2020/texmf-dist/tex/latex/xcolor/xcolor.sty
Package: xcolor 2016/05/11 v2.12 LaTeX color extensions (UK)

(/usr/local/texlive/2020/texmf-dist/tex/latex/graphics-cfg/color.cfg
File: color.cfg 2016/01/02 v1.6 sample color configuration
)
Package xcolor Info: Driver file: pdftex.def on input line 225.
Package xcolor Info: Model `cmy' substituted by `cmy0' on input line 1348.
Package xcolor Info: Model `hsb' substituted by `rgb' on input line 1352.
Package xcolor Info: Model `RGB' extended on input line 1364.
Package xcolor Info: Model `HTML' substituted by `rgb' on input line 1366.
Package xcolor Info: Model `Hsb' substituted by `hsb' on input line 1367.
Package xcolor Info: Model `tHsb' substituted by `hsb' on input line 1368.
Package xcolor Info: Model `HSB' substituted by `hsb' on input line 1369.
Package xcolor Info: Model `Gray' substituted by `gray' on input line 1370.
Package xcolor Info: Model `wave' substituted by `hsb' on input line 1371.
)
Package hyperref Info: Option `bookmarksopen' set `true' on input line 55.
Package hyperref Info: Option `colorlinks' set `true' on input line 55.

(/usr/local/texlive/2020/texmf-dist/tex/latex/listings/lstlang1.sty
File: lstlang1.sty 2020/03/24 1.8d listings language file
)
Package csquotes Info: Checking for multilingual support...
Package csquotes Info: ... found 'babel' package.

(./tesi.aux (./intro.aux) (./chap1.aux) (./chap2.aux) (./chap3.aux)
(./chap4.aux) (./chap5.aux))
\openout1 = `tesi.aux'.

LaTeX Font Info:    Checking defaults for OML/cmm/m/it on input line 129.
LaTeX Font Info:    ... okay on input line 129.
LaTeX Font Info:    Checking defaults for OMS/cmsy/m/n on input line 129.
LaTeX Font Info:    ... okay on input line 129.
LaTeX Font Info:    Checking defaults for OT1/cmr/m/n on input line 129.
LaTeX Font Info:    ... okay on input line 129.
LaTeX Font Info:    Checking defaults for T1/cmr/m/n on input line 129.
LaTeX Font Info:    ... okay on input line 129.
LaTeX Font Info:    Checking defaults for TS1/cmr/m/n on input line 129.
LaTeX Font Info:    ... okay on input line 129.
LaTeX Font Info:    Checking defaults for OMX/cmex/m/n on input line 129.
LaTeX Font Info:    ... okay on input line 129.
LaTeX Font Info:    Checking defaults for U/cmr/m/n on input line 129.
LaTeX Font Info:    ... okay on input line 129.
LaTeX Font Info:    Checking defaults for PD1/pdf/m/n on input line 129.
LaTeX Font Info:    ... okay on input line 129.
LaTeX Font Info:    Trying to load font information for T1+lmr on input line 12
9.

(/usr/local/texlive/2020/texmf-dist/tex/latex/lm/t1lmr.fd
File: t1lmr.fd 2009/10/30 v1.6 Font defs for Latin Modern
)
LaTeX Info: Redefining \it@ocap on input line 129.
LaTeX Info: Redefining \it@ccap on input line 129.

(/usr/local/texlive/2020/texmf-dist/tex/context/base/mkii/supp-pdf.mkii
[Loading MPS to PDF converter (version 2006.09.02).]
\scratchcounter=\count472
\scratchdimen=\dimen263
\scratchbox=\box106
\nofMPsegments=\count473
\nofMParguments=\count474
\everyMPshowfont=\toks37
\MPscratchCnt=\count475
\MPscratchDim=\dimen264
\MPnumerator=\count476
\makeMPintoPDFobject=\count477
\everyMPtoPDFconversion=\toks38
) (/usr/local/texlive/2020/texmf-dist/tex/latex/epstopdf-pkg/epstopdf-base.sty
Package: epstopdf-base 2020-01-24 v2.11 Base part for package epstopdf
Package epstopdf-base Info: Redefining graphics rule for `.eps' on input line 4
85.

(/usr/local/texlive/2020/texmf-dist/tex/latex/latexconfig/epstopdf-sys.cfg
File: epstopdf-sys.cfg 2010/07/13 v1.3 Configuration of (r)epstopdf for TeX Liv
e
))
(/usr/local/texlive/2020/texmf-dist/tex/latex/toptesi/topcoman.sty
Package: topcoman 2019-07-26 v.6.3.06 Additional commands for the TOPtesi bundl
e

(/usr/local/texlive/2020/texmf-dist/tex/latex/base/textcomp.sty
Package: textcomp 2020/02/02 v2.0n Standard LaTeX package
)
(/usr/local/texlive/2020/texmf-dist/tex/latex/fancyvrb/fancyvrb.sty
Package: fancyvrb 2020/01/13 v3.5 verbatim text (tvz,hv)
\FV@CodeLineNo=\count478
\FV@InFile=\read5
\FV@TabBox=\box107
\c@FancyVerbLine=\count479
\FV@StepNumber=\count480
\FV@OutFile=\write4
))
Package caption Info: Begin \AtBeginDocument code.
Package caption Info: subfig package v1.3 is loaded.
Package caption Info: float package is loaded.
Package caption Info: hyperref package is loaded.
Package caption Info: listings package is loaded.
Package caption Info: rotating package is loaded.
Package caption Info: End \AtBeginDocument code.
\c@lstlisting=\count481

*geometry* driver: auto-detecting
*geometry* detected driver: pdftex
*geometry* verbose mode - [ preamble ] result:
* driver: pdftex
* paper: a4paper
* layout: <same size as paper>
* layoutoffset:(h,v)=(0.0pt,0.0pt)
* bindingoffset: 14.22636pt
* modes: heightrounded 
* h-part:(L,W,R)=(99.58464pt, 384.11223pt, 99.58464pt)
* v-part:(T,H,B)=(128.0374pt, 588.97205pt, 128.0374pt)
* \paperwidth=597.50787pt
* \paperheight=845.04684pt
* \textwidth=384.11223pt
* \textheight=585.99854pt
* \oddsidemargin=41.54102pt
* \evensidemargin=27.31465pt
* \topmargin=18.76741pt
* \headheight=12.0pt
* \headsep=25.0pt
* \topskip=10.0pt
* \footskip=21.59995pt
* \marginparwidth=60.00278pt
* \marginparsep=11.0pt
* \columnsep=10.0pt
* \skip\footins=24.0pt plus 4.0pt minus 2.0pt
* \hoffset=0.0pt
* \voffset=0.0pt
* \mag=1000
* \@twocolumnfalse
* \@twosidefalse
* \@mparswitchfalse
* \@reversemarginfalse
* (1in=72.27pt=25.4mm, 1cm=28.453pt)

\AtBeginShipoutBox=\box108
Package hyperref Info: Link coloring ON on input line 129.
(/usr/local/texlive/2020/texmf-dist/tex/latex/hyperref/nameref.sty
Package: nameref 2019/09/16 v2.46 Cross-referencing by name of section

(/usr/local/texlive/2020/texmf-dist/tex/latex/refcount/refcount.sty
Package: refcount 2019/12/15 v3.6 Data extraction from label references (HO)
)
(/usr/local/texlive/2020/texmf-dist/tex/generic/gettitlestring/gettitlestring.s
ty
Package: gettitlestring 2019/12/15 v1.6 Cleanup title references (HO)
)
\c@section@level=\count482
LaTeX Info: Redefining \Ref on input line 520.
)
LaTeX Info: Redefining \ref on input line 129.
LaTeX Info: Redefining \pageref on input line 129.
LaTeX Info: Redefining \nameref on input line 129.
 (./tesi.out) (./tesi.out)
\@outlinefile=\write5
\openout5 = `tesi.out'.

LaTeX Info: Redefining \Ref on input line 129.
Package biblatex Info: Trying to load language 'italian'...
Package biblatex Info: ... file 'italian.lbx' found.

(/usr/local/texlive/2020/texmf-dist/tex/latex/biblatex/lbx/italian.lbx
File: italian.lbx 2019/12/01 v3.14 biblatex localization (PK/MW)
)
Package biblatex Info: Trying to load language 'english'...
Package biblatex Info: ... file 'english.lbx' found.

(/usr/local/texlive/2020/texmf-dist/tex/latex/biblatex/lbx/english.lbx
File: english.lbx 2019/12/01 v3.14 biblatex localization (PK/MW)
)
Package biblatex Info: Input encoding 'utf8' detected.
Package biblatex Info: Data encoding 'ascii' specified.
(biblatex)             No need to reencode data.
\openout3 = `tesi.bcf'.

Package biblatex Info: Trying to load bibliographic data...
Package biblatex Info: ... file 'tesi.bbl' not found.

No file tesi.bbl.
Package biblatex Info: Reference section=0 on input line 129.
Package biblatex Info: Reference segment=0 on input line 129.
*geometry* verbose mode - [ newgeometry ] result:
* driver: pdftex
* paper: a4paper
* layout: <same size as paper>
* layoutoffset:(h,v)=(0.0pt,0.0pt)
* modes: 
* h-part:(L,W,R)=(85.35826pt, 426.79135pt, 85.35826pt)
* v-part:(T,H,B)=(71.13188pt, 702.78308pt, 71.13188pt)
* \paperwidth=597.50787pt
* \paperheight=845.04684pt
* \textwidth=426.79135pt
* \textheight=702.78308pt
* \oddsidemargin=13.08827pt
* \evensidemargin=13.08827pt
* \topmargin=-38.1381pt
* \headheight=12.0pt
* \headsep=25.0pt
* \topskip=10.0pt
* \footskip=21.59995pt
* \marginparwidth=60.00278pt
* \marginparsep=11.0pt
* \columnsep=10.0pt
* \skip\footins=24.0pt plus 4.0pt minus 2.0pt
* \hoffset=0.0pt
* \voffset=0.0pt
* \mag=1000
* \@twocolumnfalse
* \@twosidefalse
* \@mparswitchfalse
* \@reversemarginfalse
* (1in=72.27pt=25.4mm, 1cm=28.453pt)

<images/Logo_Padova.png, id=147, 943.525pt x 949.5475pt>
File: images/Logo_Padova.png Graphic file (type png)
<use images/Logo_Padova.png>
Package pdftex.def Info: images/Logo_Padova.png  used on input line 141.
(pdftex.def)             Requested size: 94.35802pt x 94.96031pt.

Overfull \hbox (22.76227pt too wide) in paragraph at lines 144--148
 [] 
 []


Overfull \hbox (22.76227pt too wide) in paragraph at lines 144--148
 [] 
 []


Underfull \hbox (badness 10000) in paragraph at lines 168--171

 []

[1




{/usr/local/texlive/2020/texmf-var/fonts/map/pdftex/updmap/pdftex.map} <./image
s/Logo_Padova.png>]pdfTeX warning (ext4): destination with the same identifier 
(name{page.i}) has been already used, duplicate ignored
<to be read again> 
                   \relax 
l.209 
       [1


] [2

] [3


]

LaTeX Warning: Citation 'abbate1:paper' on page 4 undefined on input line 236.

LaTeX Font Info:    Trying to load font information for OT1+lmr on input line 2
38.
(/usr/local/texlive/2020/texmf-dist/tex/latex/lm/ot1lmr.fd
File: ot1lmr.fd 2009/10/30 v1.6 Font defs for Latin Modern
)
LaTeX Font Info:    Trying to load font information for OML+lmm on input line 2
38.

(/usr/local/texlive/2020/texmf-dist/tex/latex/lm/omllmm.fd
File: omllmm.fd 2009/10/30 v1.6 Font defs for Latin Modern
)
LaTeX Font Info:    Trying to load font information for OMS+lmsy on input line 
238.

(/usr/local/texlive/2020/texmf-dist/tex/latex/lm/omslmsy.fd
File: omslmsy.fd 2009/10/30 v1.6 Font defs for Latin Modern
)
LaTeX Font Info:    Trying to load font information for OMX+lmex on input line 
238.

(/usr/local/texlive/2020/texmf-dist/tex/latex/lm/omxlmex.fd
File: omxlmex.fd 2009/10/30 v1.6 Font defs for Latin Modern
)
LaTeX Font Info:    External font `lmex10' loaded for size
(Font)              <12> on input line 238.
LaTeX Font Info:    External font `lmex10' loaded for size
(Font)              <8> on input line 238.
LaTeX Font Info:    External font `lmex10' loaded for size
(Font)              <6> on input line 238.
LaTeX Font Info:    Trying to load font information for U+msa on input line 238
.

(/usr/local/texlive/2020/texmf-dist/tex/latex/amsfonts/umsa.fd
File: umsa.fd 2013/01/14 v3.01 AMS symbols A
)
LaTeX Font Info:    Trying to load font information for U+msb on input line 238
.

(/usr/local/texlive/2020/texmf-dist/tex/latex/amsfonts/umsb.fd
File: umsb.fd 2013/01/14 v3.01 AMS symbols B
) [4

] (./tesi.toc [5

])
\tf@toc=\write6
\openout6 = `tesi.toc'.

 [6]
\openout2 = `intro.aux'.

 (./intro.tex

LaTeX Warning: Citation 'Abbott2020:paper' on page 1 undefined on input line 4.



LaTeX Warning: Citation 'abbate1:paper' on page 1 undefined on input line 7.


Underfull \vbox (badness 2080) has occurred while \output is active []

 [1




]

Package hyperref Warning: Suppressing empty link on input line 17.


Package hyperref Warning: Suppressing empty link on input line 17.


LaTeX Warning: Citation 'brei:book' on page 2 undefined on input line 19.


Package hyperref Warning: Suppressing empty link on input line 20.


Package hyperref Warning: Suppressing empty link on input line 20.

[2]) [3]
\openout2 = `chap1.aux'.

 (./chap1.tex

LaTeX Warning: Citation 'abbate1:paper' on page 4 undefined on input line 5.

[4



]
<images/Accretion_disk.jpg, id=245, 722.7pt x 578.16pt>
File: images/Accretion_disk.jpg Graphic file (type jpg)
<use images/Accretion_disk.jpg>
Package pdftex.def Info: images/Accretion_disk.jpg  used on input line 16.
(pdftex.def)             Requested size: 153.64253pt x 122.9081pt.


LaTeX Warning: Citation 'binaria:online' on page 5 undefined on input line 18.


LaTeX Warning: Citation 'binaria:online' on page 5 undefined on input line 18.


LaTeX Warning: Citation 'milham:paper' on page 5 undefined on input line 22.

<images/IMBH_gap.png, id=247, 682.55pt x 187.70125pt>
File: images/IMBH_gap.png Graphic file (type png)
<use images/IMBH_gap.png>
Package pdftex.def Info: images/IMBH_gap.png  used on input line 25.
(pdftex.def)             Requested size: 268.87738pt x 73.94212pt.
[5 <./images/Accretion_disk.jpg>]

LaTeX Warning: Citation 'jenny:paper' on page 6 undefined on input line 31.


LaTeX Warning: Citation 'abel:paper' on page 6 undefined on input line 32.


LaTeX Warning: Citation 'haehnelt:paper' on page 6 undefined on input line 33.


LaTeX Warning: Citation 'milham:paper' on page 6 undefined on input line 35.


LaTeX Warning: Citation 'portzw:paper' on page 6 undefined on input line 36.


LaTeX Warning: Citation 'portmcmil:paper' on page 6 undefined on input line 37.



LaTeX Warning: Citation 'arcasedda:paper' on page 6 undefined on input line 37.



Underfull \vbox (badness 4429) has occurred while \output is active []

 [6 <./images/IMBH_gap.png>]

LaTeX Warning: Citation 'ligo:online' on page 7 undefined on input line 40.


LaTeX Warning: Citation 'virgo:online' on page 7 undefined on input line 40.


LaTeX Warning: Citation 'ligovirgo1:paper' on page 7 undefined on input line 40
.


LaTeX Warning: Citation 'amaro:paper' on page 7 undefined on input line 44.


Overfull \hbox (3.46512pt too wide) in paragraph at lines 39--48
\T1/lmr/m/n/12 Gli in-ter-fe-ro-me-tri ter-re-stri di on-de gra-vi-ta-zio-na-li
 LI-GO e Vir-go [[]],
 []


Underfull \vbox (badness 10000) has occurred while \output is active []

 [7]

LaTeX Warning: Citation 'jenny:paper' on page 8 undefined on input line 53.


LaTeX Warning: Citation '47tuc:online' on page 8 undefined on input line 53.


LaTeX Warning: Citation 'strader:paper' on page 8 undefined on input line 58.


LaTeX Warning: Citation 'baum:paper' on page 8 undefined on input line 60.


LaTeX Warning: Citation 'lutz1:paper' on page 8 undefined on input line 62.


LaTeX Warning: Citation 'lutz:paper' on page 8 undefined on input line 63.

<images/profili_vel.png, id=267, 641.39626pt x 550.055pt>
File: images/profili_vel.png Graphic file (type png)
<use images/profili_vel.png>
Package pdftex.def Info: images/profili_vel.png  used on input line 67.
(pdftex.def)             Requested size: 230.46968pt x 197.64195pt.

LaTeX Warning: Citation 'Lanzoni:paper' on page 8 undefined on input line 69.


LaTeX Warning: Citation 'lutz:paper' on page 8 undefined on input line 69.


LaTeX Warning: Citation 'Lanzoni:paper' on page 8 undefined on input line 69.


LaTeX Warning: Citation 'lutz:paper' on page 8 undefined on input line 69.

[8]

LaTeX Warning: Citation 'trenti:paper' on page 9 undefined on input line 73.


LaTeX Warning: Citation 'banwolf:paper' on page 9 undefined on input line 75.


LaTeX Warning: Citation 'gebh:paper' on page 9 undefined on input line 75.


LaTeX Warning: Citation 'mac1:paper' on page 9 undefined on input line 75.


LaTeX Warning: Citation 'mac2:paper' on page 9 undefined on input line 75.


LaTeX Warning: Citation 'lin:paper' on page 9 undefined on input line 76.


LaTeX Warning: Citation 'lin_2020:paper' on page 9 undefined on input line 76.


LaTeX Warning: Citation 'pasquato:paper' on page 9 undefined on input line 78.


Underfull \vbox (badness 2384) has occurred while \output is active []

 [9]
Underfull \vbox (badness 10000) has occurred while \output is active []

 [10 <./images/profili_vel.png>]

LaTeX Warning: Citation 'pere:paper' on page 11 undefined on input line 81.


LaTeX Warning: Citation 'abbate:paper' on page 11 undefined on input line 81.


LaTeX Warning: Citation 'abbate1:paper' on page 11 undefined on input line 88.


LaTeX Warning: Citation 'abbate1:paper' on page 11 undefined on input line 93.

[11]

LaTeX Warning: Citation 'king:paper' on page 12 undefined on input line 95.


LaTeX Warning: Citation 'prager:paper' on page 12 undefined on input line 112.

[12]

LaTeX Warning: Citation 'baum:paper' on page 13 undefined on input line 131.

[13]

LaTeX Warning: Citation 'pulsar:online' on page 14 undefined on input line 176.



LaTeX Warning: Citation 'shklov:paper' on page 14 undefined on input line 188.


LaTeX Warning: Citation 'abbate:paper' on page 14 undefined on input line 189.

[14]

LaTeX Warning: Citation 'abbate1:paper' on page 15 undefined on input line 203.



Package hyperref Warning: Token not allowed in a PDF string (PDFDocEncoding):
(hyperref)                removing `\\' on input line 205.


LaTeX Warning: Citation 'abbate1:paper' on page 15 undefined on input line 208.


[15]
<images/jerk_rad.png, id=332, 596.2275pt x 406.51875pt>
File: images/jerk_rad.png Graphic file (type png)
<use images/jerk_rad.png>
Package pdftex.def Info: images/jerk_rad.png  used on input line 217.
(pdftex.def)             Requested size: 230.46968pt x 157.1398pt.
<images/snap_rad.png, id=333, 586.19pt x 421.575pt>
File: images/snap_rad.png Graphic file (type png)
<use images/snap_rad.png>
Package pdftex.def Info: images/snap_rad.png  used on input line 218.
(pdftex.def)             Requested size: 230.46968pt x 165.74515pt.
) [16] [17 <./images/jerk_rad.png> <./images/snap_rad.png>]
\openout2 = `chap2.aux'.

 (./chap2.tex

LaTeX Warning: Citation 'brei:book' on page 18 undefined on input line 5.


LaTeX Warning: Citation 'mitch:book' on page 18 undefined on input line 10.

[18



]
LaTeX Font Info:    Trying to load font information for TS1+lmr on input line 1
9.
 (/usr/local/texlive/2020/texmf-dist/tex/latex/lm/ts1lmr.fd
File: ts1lmr.fd 2009/10/30 v1.6 Font defs for Latin Modern
) [19]
Overfull \hbox (1.26546pt too wide) in paragraph at lines 32--32
[][]\T1/lmr/bx/n/17.28003 Concetti pre-li-mi-na-ri: no-ta-zio-ne e strut-tu-ra 
del
 []


Underfull \hbox (badness 10000) in paragraph at lines 35--38

 []

[20]
Underfull \vbox (badness 10000) has occurred while \output is active []

 [21]
[22]
<images/albero_esempio.png, id=371, 970.62625pt x 486.81876pt>
File: images/albero_esempio.png Graphic file (type png)
<use images/albero_esempio.png>
Package pdftex.def Info: images/albero_esempio.png  used on input line 93.
(pdftex.def)             Requested size: 192.0561pt x 96.32207pt.
 [23]

LaTeX Warning: Citation 'brei:book' on page 24 undefined on input line 105.


Package hyperref Warning: Suppressing empty link on input line 109.


Package hyperref Warning: Suppressing empty link on input line 114.


Underfull \vbox (badness 1303) has occurred while \output is active []

 [24 <./images/albero_esempio.png>]
Overfull \hbox (18.33781pt too wide) in paragraph at lines 132--137
\T1/lmr/m/n/12 A tal pro-po-si-to gli au-to-ri del-l'al-go-rit-mo CART han-no s
vi-lup-pa-to un $\OML/lmm/m/it/12 framework$
 []

[25]

LaTeX Warning: Citation 'split:online' on page 26 undefined on input line 138.

<images/impurit1.png, id=389, 601.24625pt x 555.07375pt>
File: images/impurit1.png Graphic file (type png)
<use images/impurit1.png>
Package pdftex.def Info: images/impurit1.png  used on input line 141.
(pdftex.def)             Requested size: 142.11964pt x 131.20462pt.
<images/impurit2.png, id=390, 601.24625pt x 555.07375pt>
File: images/impurit2.png Graphic file (type png)
<use images/impurit2.png>
Package pdftex.def Info: images/impurit2.png  used on input line 142.
(pdftex.def)             Requested size: 142.11964pt x 131.20462pt.
[26 <./images/impurit1.png> <./images/impurit2.png>] [27]

Package hyperref Warning: Suppressing empty link on input line 187.

[28] [29]

LaTeX Warning: Citation 'generalizz:online' on page 30 undefined on input line 
223.


Underfull \vbox (badness 1242) has occurred while \output is active []

 [30]
Overfull \hbox (11.5382pt too wide) in paragraph at lines 233--235
[]\T1/lmr/m/n/12 La tec-ni-ca che l'al-go-rit-mo CART uti-liz-za pren-de il no-
me di \T1/lmr/m/it/12 Cost-Complexity
 []

[31]

Package hyperref Warning: Suppressing empty link on input line 252.


LaTeX Warning: Citation 'split:online' on page 32 undefined on input line 254.

[32]
<images/albero1.png, id=430, 522.95375pt x 443.6575pt>
File: images/albero1.png Graphic file (type png)
<use images/albero1.png>
Package pdftex.def Info: images/albero1.png  used on input line 269.
(pdftex.def)             Requested size: 142.11964pt x 120.56763pt.
<images/albero2.png, id=431, 413.545pt x 443.6575pt>
File: images/albero2.png Graphic file (type png)
<use images/albero2.png>
Package pdftex.def Info: images/albero2.png  used on input line 270.
(pdftex.def)             Requested size: 115.23483pt x 123.62074pt.
 [33] [34 <./images/albero1.png> <./images/albero2.png>]
<images/dataset.png, id=448, 602.25pt x 281.05pt>
File: images/dataset.png Graphic file (type png)
<use images/dataset.png>
Package pdftex.def Info: images/dataset.png  used on input line 293.
(pdftex.def)             Requested size: 230.46968pt x 107.55487pt.
 [35 <./images/dataset.png>] [36] [37]
<images/prec_ric.png, id=467, 351.3125pt x 638.385pt>
File: images/prec_ric.png Graphic file (type png)
<use images/prec_ric.png>
Package pdftex.def Info: images/prec_ric.png  used on input line 348.
(pdftex.def)             Requested size: 153.64253pt x 279.19533pt.


LaTeX Warning: Citation 'prec_ric:online' on page 38 undefined on input line 35
0.


LaTeX Warning: Citation 'prec_ric:online' on page 38 undefined on input line 35
0.

<images/conf_matr_ok.png, id=469, 588.1975pt x 581.17125pt>
File: images/conf_matr_ok.png Graphic file (type png)
<use images/conf_matr_ok.png>
Package pdftex.def Info: images/conf_matr_ok.png  used on input line 360.
(pdftex.def)             Requested size: 192.0561pt x 189.75635pt.
) [38] [39 <./images/prec_ric.png> <./images/conf_matr_ok.png>]
\openout2 = `chap3.aux'.

 (./chap3.tex

Package hyperref Warning: Suppressing empty link on input line 3.


Package hyperref Warning: Suppressing empty link on input line 8.


LaTeX Warning: Citation 'abbate1:paper' on page 40 undefined on input line 9.

[40



]

LaTeX Warning: Citation 'capdolspe:paper' on page 41 undefined on input line 14
.


LaTeX Warning: Citation 'HiGPUs:online' on page 41 undefined on input line 16.

[41]

Package amsmath Warning: Foreign command \atop;
(amsmath)                \frac or \genfrac should be used instead
(amsmath)                 on input line 35.

[42]

LaTeX Warning: Citation 'cineca:online' on page 43 undefined on input line 64.

[43]

LaTeX Warning: Citation 'plummer:paper' on page 44 undefined on input line 66.


LaTeX Warning: Citation 'kroupa:paper' on page 44 undefined on input line 77.

<images/cluster_xy.png, id=501, 433.62pt x 289.08pt>
File: images/cluster_xy.png Graphic file (type png)
<use images/cluster_xy.png>
Package pdftex.def Info: images/cluster_xy.png  used on input line 95.
(pdftex.def)             Requested size: 192.0561pt x 128.03809pt.
[44]
<images/acc_r.png, id=512, 433.62pt x 289.08pt>
File: images/acc_r.png Graphic file (type png)
<use images/acc_r.png>
Package pdftex.def Info: images/acc_r.png  used on input line 103.
(pdftex.def)             Requested size: 180.67499pt x 120.45117pt.
<images/jerk_r.png, id=513, 433.62pt x 289.08pt>
File: images/jerk_r.png Graphic file (type png)
<use images/jerk_r.png>
Package pdftex.def Info: images/jerk_r.png  used on input line 105.
(pdftex.def)             Requested size: 180.67499pt x 120.45117pt.
<images/snap_r.png, id=514, 433.62pt x 289.08pt>
File: images/snap_r.png Graphic file (type png)
<use images/snap_r.png>
Package pdftex.def Info: images/snap_r.png  used on input line 107.
(pdftex.def)             Requested size: 180.67499pt x 120.45117pt.

Underfull \vbox (badness 10000) has occurred while \output is active []

 [45 <./images/cluster_xy.png>]
<images/snap_acc.png, id=524, 433.62pt x 289.08pt>
File: images/snap_acc.png Graphic file (type png)
<use images/snap_acc.png>
Package pdftex.def Info: images/snap_acc.png  used on input line 114.
(pdftex.def)             Requested size: 180.67499pt x 120.45117pt.
<images/jerk_acc.png, id=525, 433.62pt x 289.08pt>
File: images/jerk_acc.png Graphic file (type png)
<use images/jerk_acc.png>
Package pdftex.def Info: images/jerk_acc.png  used on input line 116.
(pdftex.def)             Requested size: 180.67499pt x 120.45117pt.

Underfull \hbox (badness 3557) in paragraph at lines 117--117
[]\T1/lmr/m/n/12 Figura 13: |\T1/lmr/m/it/12 Jerk \T1/lmr/m/n/12 e \T1/lmr/m/it
/12 snap \T1/lmr/m/n/12 in fun-zio-ne del-l'ac-ce-le-ra-zio-ne del-le stel-le
 []

<images/density.png, id=526, 433.62pt x 289.08pt>
File: images/density.png Graphic file (type png)
<use images/density.png>
Package pdftex.def Info: images/density.png  used on input line 122.
(pdftex.def)             Requested size: 192.0561pt x 128.03809pt.

Underfull \vbox (badness 10000) has occurred while \output is active []

 [46 <./images/acc_r.png> <./images/jerk_r.png> <./images/snap_r.png>]
Underfull \vbox (badness 10000) has occurred while \output is active []

 [47 <./images/snap_acc.png> <./images/jerk_acc.png> <./images/density.png>]

LaTeX Warning: Citation 'numpy:online' on page 48 undefined on input line 148.


LaTeX Warning: Citation 'sklearn:online' on page 48 undefined on input line 148
.

[48]

Package hyperref Warning: Suppressing empty link on input line 158.


Package hyperref Warning: Suppressing empty link on input line 168.


Package hyperref Warning: Suppressing empty link on input line 168.


Package hyperref Warning: Suppressing empty link on input line 168.

[49]
<images/acc_val_20part.png, id=561, 461.5644pt x 346.896pt>
File: images/acc_val_20part.png Graphic file (type png)
<use images/acc_val_20part.png>
Package pdftex.def Info: images/acc_val_20part.png  used on input line 174.
(pdftex.def)             Requested size: 268.87738pt x 202.07848pt.
) [50] [51 <./images/acc_val_20part.png>]
\openout2 = `chap4.aux'.

 (./chap4.tex

Package hyperref Warning: Suppressing empty link on input line 3.

[52



]
<images/cm_1part.png, id=579, 289.08pt x 289.08pt>
File: images/cm_1part.png Graphic file (type png)
<use images/cm_1part.png>
Package pdftex.def Info: images/cm_1part.png  used on input line 15.
(pdftex.def)             Requested size: 144.54pt x 144.53964pt.
<images/cm_5part.png, id=580, 346.896pt x 346.896pt>
File: images/cm_5part.png Graphic file (type png)
<use images/cm_5part.png>
Package pdftex.def Info: images/cm_5part.png  used on input line 17.
(pdftex.def)             Requested size: 144.54pt x 144.5414pt.
<images/cm_10part.png, id=581, 346.896pt x 346.896pt>
File: images/cm_10part.png Graphic file (type png)
<use images/cm_10part.png>
Package pdftex.def Info: images/cm_10part.png  used on input line 18.
(pdftex.def)             Requested size: 144.54pt x 144.5414pt.
<images/cm_20part.png, id=582, 346.896pt x 346.896pt>
File: images/cm_20part.png Graphic file (type png)
<use images/cm_20part.png>
Package pdftex.def Info: images/cm_20part.png  used on input line 20.
(pdftex.def)             Requested size: 144.54pt x 144.5414pt.
<images/cm_30part.png, id=583, 346.896pt x 346.896pt>
File: images/cm_30part.png Graphic file (type png)
<use images/cm_30part.png>
Package pdftex.def Info: images/cm_30part.png  used on input line 21.
(pdftex.def)             Requested size: 144.54pt x 144.5414pt.
<images/cm_40part.png, id=584, 346.896pt x 346.896pt>
File: images/cm_40part.png Graphic file (type png)
<use images/cm_40part.png>
Package pdftex.def Info: images/cm_40part.png  used on input line 23.
(pdftex.def)             Requested size: 144.54pt x 144.5414pt.

Underfull \vbox (badness 10000) has occurred while \output is active []

 [53]
Underfull \vbox (badness 10000) has occurred while \output is active []

 [54 <./images/cm_1part.png> <./images/cm_5part.png> <./images/cm_10part.png> <
./images/cm_20part.png> <./images/cm_30part.png> <./images/cm_40part.png>]
<images/f1_num.png, id=609, 433.62pt x 289.08pt>
File: images/f1_num.png Graphic file (type png)
<use images/f1_num.png>
Package pdftex.def Info: images/f1_num.png  used on input line 95.
(pdftex.def)             Requested size: 384.11223pt x 256.08942pt.

Underfull \vbox (badness 10000) has occurred while \output is active []

 [55]
<images/tree_1part_ok.png, id=621, 1027.84pt x 764.8575pt>
File: images/tree_1part_ok.png Graphic file (type png)
<use images/tree_1part_ok.png>
Package pdftex.def Info: images/tree_1part_ok.png  used on input line 108.
(pdftex.def)             Requested size: 422.52579pt x 314.42223pt.

Overfull \hbox (38.41356pt too wide) in paragraph at lines 108--109
 [] 
 []

[56 <./images/f1_num.png>] [57 <./images/tree_1part_ok.png>]

LaTeX Warning: Citation 'molnar2019:book' on page 58 undefined on input line 12
5.

[58]
<images/bar_imp_1part.png, id=640, 505.89pt x 505.89pt>
File: images/bar_imp_1part.png Graphic file (type png)
<use images/bar_imp_1part.png>
Package pdftex.def Info: images/bar_imp_1part.png  used on input line 131.
(pdftex.def)             Requested size: 216.81pt x 216.81056pt.
<images/bar_imp_5part.png, id=641, 1217.54875pt x 376.40625pt>
File: images/bar_imp_5part.png Graphic file (type png)
<use images/bar_imp_5part.png>
Package pdftex.def Info: images/bar_imp_5part.png  used on input line 133.
(pdftex.def)             Requested size: 433.62pt x 134.05304pt.

Overfull \hbox (49.50777pt too wide) in paragraph at lines 133--133
 [][] 
 []

<images/bar_imp_10part.png, id=642, 1216.545pt x 375.4025pt>
File: images/bar_imp_10part.png Graphic file (type png)
<use images/bar_imp_10part.png>
Package pdftex.def Info: images/bar_imp_10part.png  used on input line 135.
(pdftex.def)             Requested size: 433.62pt x 133.8044pt.

Overfull \hbox (49.50777pt too wide) in paragraph at lines 135--136
 [][] 
 []


Underfull \vbox (badness 10000) has occurred while \output is active []

 [59]
Overfull \vbox (7.46965pt too high) has occurred while \output is active []


[60 <./images/bar_imp_1part.png> <./images/bar_imp_5part.png> <./images/bar_imp
_10part.png>]
<images/bar_imp_20part.png, id=659, 1216.545pt x 375.4025pt>
File: images/bar_imp_20part.png Graphic file (type png)
<use images/bar_imp_20part.png>
Package pdftex.def Info: images/bar_imp_20part.png  used on input line 142.
(pdftex.def)             Requested size: 433.62pt x 133.8044pt.

Overfull \hbox (49.50777pt too wide) in paragraph at lines 142--142
 [][] 
 []

<images/bar_imp_30part.png, id=660, 1216.545pt x 375.4025pt>
File: images/bar_imp_30part.png Graphic file (type png)
<use images/bar_imp_30part.png>
Package pdftex.def Info: images/bar_imp_30part.png  used on input line 144.
(pdftex.def)             Requested size: 433.62pt x 133.8044pt.

Overfull \hbox (49.50777pt too wide) in paragraph at lines 144--144
 [][] 
 []

<images/bar_imp_40part.png, id=661, 1216.545pt x 369.38pt>
File: images/bar_imp_40part.png Graphic file (type png)
<use images/bar_imp_40part.png>
Package pdftex.def Info: images/bar_imp_40part.png  used on input line 146.
(pdftex.def)             Requested size: 433.62pt x 131.6578pt.

Overfull \hbox (49.50777pt too wide) in paragraph at lines 146--147
 [][] 
 []

) [61 <./images/bar_imp_20part.png> <./images/bar_imp_30part.png> <./images/bar
_imp_40part.png>]
\openout2 = `chap5.aux'.

 (./chap5.tex [62



])
Underfull \vbox (badness 2384) has occurred while \output is active []

 [63]
[64]

LaTeX Warning: Empty bibliography on input line 280.

Package atveryend Info: Empty hook `BeforeClearDocument' on input line 282.
Package atveryend Info: Empty hook `AfterLastShipout' on input line 282.
(./tesi.aux (./intro.aux) (./chap1.aux) (./chap2.aux) (./chap3.aux)
(./chap4.aux) (./chap5.aux))
Package atveryend Info: Executing hook `AtVeryEndDocument' on input line 282.
Package atveryend Info: Executing hook `AtEndAfterFileList' on input line 282.
Package rerunfilecheck Info: File `tesi.out' has not changed.
(rerunfilecheck)             Checksum: A97208DA9720ECDD6B6CF20DD3B9873B;2891.


LaTeX Warning: There were undefined references.


Package biblatex Warning: Please (re)run Biber on the file:
(biblatex)                tesi
(biblatex)                and rerun LaTeX afterwards.

Package logreq Info: Writing requests to 'tesi.run.xml'.
\openout1 = `tesi.run.xml'.

 ) 
Here is how much of TeX's memory you used:
 22343 strings out of 480608
 373922 string characters out of 5903631
 1124130 words of memory out of 5000000
 37606 multiletter control sequences out of 15000+600000
 616992 words of font info for 66 fonts, out of 8000000 for 9000
 1141 hyphenation exceptions out of 8191
 67i,12n,117p,1536b,1657s stack positions out of 5000i,500n,10000p,200000b,80000s
{/usr/local/texlive/2020/texmf-dist/fonts/enc/dvips/lm/lm-ec.enc}{/usr/local/
texlive/2020/texmf-dist/fonts/enc/dvips/lm/lm-ts1.enc}{/usr/local/texlive/2020/
texmf-dist/fonts/enc/dvips/lm/lm-rm.enc}{/usr/local/texlive/2020/texmf-dist/fon
ts/enc/dvips/lm/lm-mathit.enc}{/usr/local/texlive/2020/texmf-dist/fonts/enc/dvi
ps/lm/lm-mathex.enc}{/usr/local/texlive/2020/texmf-dist/fonts/enc/dvips/lm/lm-m
athsy.enc}</usr/local/texlive/2020/texmf-dist/fonts/type1/public/lm/lmbx12.pfb>
</usr/local/texlive/2020/texmf-dist/fonts/type1/public/lm/lmbx6.pfb></usr/local
/texlive/2020/texmf-dist/fonts/type1/public/lm/lmbx8.pfb></usr/local/texlive/20
20/texmf-dist/fonts/type1/public/lm/lmcsc10.pfb></usr/local/texlive/2020/texmf-
dist/fonts/type1/public/lm/lmex10.pfb></usr/local/texlive/2020/texmf-dist/fonts
/type1/public/lm/lmmi12.pfb></usr/local/texlive/2020/texmf-dist/fonts/type1/pub
lic/lm/lmmi6.pfb></usr/local/texlive/2020/texmf-dist/fonts/type1/public/lm/lmmi
8.pfb></usr/local/texlive/2020/texmf-dist/fonts/type1/public/lm/lmr10.pfb></usr
/local/texlive/2020/texmf-dist/fonts/type1/public/lm/lmr12.pfb></usr/local/texl
ive/2020/texmf-dist/fonts/type1/public/lm/lmr17.pfb></usr/local/texlive/2020/te
xmf-dist/fonts/type1/public/lm/lmr6.pfb></usr/local/texlive/2020/texmf-dist/fon
ts/type1/public/lm/lmr8.pfb></usr/local/texlive/2020/texmf-dist/fonts/type1/pub
lic/lm/lmri10.pfb></usr/local/texlive/2020/texmf-dist/fonts/type1/public/lm/lmr
i12.pfb></usr/local/texlive/2020/texmf-dist/fonts/type1/public/lm/lmro10.pfb></
usr/local/texlive/2020/texmf-dist/fonts/type1/public/lm/lmsy10.pfb></usr/local/
texlive/2020/texmf-dist/fonts/type1/public/lm/lmsy8.pfb></usr/local/texlive/202
0/texmf-dist/fonts/type1/public/amsfonts/symbols/msbm10.pfb>
Output written on tesi.pdf (71 pages, 2991453 bytes).
PDF statistics:
 796 PDF objects out of 1000 (max. 8388607)
 626 compressed objects within 7 object streams
 177 named destinations out of 1000 (max. 500000)
 469 words of extra memory for PDF output out of 10000 (max. 10000000)

